/home/ngy/workspace/test/FileMonitor/log======>2014-02-12 15:09:37
/home/ngy/workspace/test/FileMonitor/log======>2014-02-12 15:09:53
/home/ngy/workspace/test/FileMonitor/log======>2014-02-12 15:10:02
/home/ngy/workspace/test/FileMonitor======>2014-02-12 15:10:45
/home/ngy/workspace/test/FileMonitor======>2014-02-12 15:11:15
/home/ngy/workspace/test/FileMonitor/0055.dat======>has changed size from 10 to 17====>2014-02-12 15:11:15
/home/ngy/workspace/test/FileMonitor======>2014-02-12 15:11:56
/home/ngy/workspace/test/FileMonitor/log/monitor.log======>has changed size from 434 to 497====>2014-02-12 15:11:59
/home/ngy/workspace/test/FileMonitor/log/monitor.log======>has changed size from 497 to 613====>2014-02-12 15:12:02
/home/ngy/workspace/test/FileMonitor/log/monitor.log======>has changed size from 613 to 729====>2014-02-12 15:12:05
/home/ngy/workspace/test/FileMonitor/log/monitor.log======>has changed size from 729 to 845====>2014-02-12 15:12:08
/home/ngy/workspace/test/FileMonitor======>2014-02-12 15:12:11
/home/ngy/workspace/test/FileMonitor/log/monitor.log======>has changed size from 845 to 961====>2014-02-12 15:12:11
/home/ngy/workspace/test/FileMonitor/0055.dat======>has changed size from 17 to 24====>2014-02-12 15:12:11
/home/ngy/workspace/test/FileMonitor/log/monitor.log======>has changed size from 961 to 1247====>2014-02-12 15:12:14
/home/ngy/workspace/test/FileMonitor/log/monitor.log======>has changed size from 1247 to 1364====>2014-02-12 15:12:17
/home/ngy/workspace/test/FileMonitor/log/monitor.log======>has changed size from 1364 to 1482====>2014-02-12 15:12:20
/home/ngy/workspace/test/FileMonitor/log/monitor.log======>has changed size from 1482 to 1600====>2014-02-12 15:12:23
/home/ngy/workspace/test/FileMonitor/log/monitor.log======>has changed size from 1600 to 1718====>2014-02-12 15:12:26
/home/ngy/workspace/test/FileMonitor/log/monitor.log======>has changed size from 1718 to 1836====>2014-02-12 15:12:29
/home/ngy/workspace/test/FileMonitor/log/monitor.log======>has changed size from 1836 to 1954====>2014-02-12 15:12:32
/home/ngy/workspace/test/FileMonitor/log/monitor.log======>has changed size from 1954 to 2072====>2014-02-12 15:12:35
/home/ngy/workspace/test/FileMonitor======>2014-02-12 15:13:26
/home/ngy/workspace/test/FileMonitor/0055.dat======>has changed size from 24 to 31====>2014-02-12 15:13:26
/home/ngy/workspace/test/FileMonitor/log/monitor.log======>has changed size from 2190 to 2360====>2014-02-12 15:13:28
/home/ngy/workspace/test/FileMonitor/log/monitor.log======>has changed size from 2360 to 2478====>2014-02-12 15:13:31
/home/ngy/workspace/test/FileMonitor/log/monitor.log======>has changed size from 2478 to 2596====>2014-02-12 15:13:34
/home/ngy/workspace/test/FileMonitor/log/monitor.log======>has changed size from 2596 to 2714====>2014-02-12 15:13:37
/home/ngy/workspace/test/FileMonitor/log/monitor.log======>has changed size from 2714 to 2832====>2014-02-12 15:13:40
/home/ngy/workspace/test/FileMonitor/log/monitor.log======>has changed size from 2832 to 2950====>2014-02-12 15:13:43
/home/ngy/workspace/test/FileMonitor/log/monitor.log======>has changed size from 2950 to 3068====>2014-02-12 15:13:46
/home/ngy/workspace/test/FileMonitor/log/monitor.log======>has changed size from 3068 to 3186====>2014-02-12 15:13:49
/home/ngy/workspace/test/FileMonitor/data/.0055.dat.swp The created
/home/ngy/workspace/test/FileMonitor/data======>2014-02-12 15:15:48
/home/ngy/workspace/test/FileMonitor/data/.0055.dat.swp The created
/home/ngy/workspace/test/FileMonitor/data======>2014-02-12 15:19:30
/home/ngy/workspace/test/FileMonitor/data/0055.dat======>has changed size from 31 to 39====>2014-02-12 15:19:30
/home/ngy/workspace/test/FileMonitor/data======>2014-02-12 15:19:53
