/home/ngy/workspace/test/FileMonitor/monitor.log The created
/home/ngy/workspace/test/FileMonitor/monitor.log======>has changed size from 0 to 61====>2014-02-12 15:06:29
/home/ngy/workspace/test/FileMonitor/monitor.log======>has changed size from 61 to 170====>2014-02-12 15:06:32
/home/ngy/workspace/test/FileMonitor/monitor.log======>has changed size from 170 to 281====>2014-02-12 15:06:35
/home/ngy/workspace/test/FileMonitor/monitor.log======>has changed size from 281 to 393====>2014-02-12 15:06:38
/home/ngy/workspace/test/FileMonitor/monitor.log======>has changed size from 393 to 505====>2014-02-12 15:06:41
/home/ngy/workspace/test/FileMonitor/monitor.log======>has changed size from 505 to 617====>2014-02-12 15:06:44
/home/ngy/workspace/test/FileMonitor/monitor.log======>has changed size from 617 to 729====>2014-02-12 15:06:47
/home/ngy/workspace/test/FileMonitor/monitor.log======>has changed size from 729 to 841====>2014-02-12 15:06:50
/home/ngy/workspace/test/FileMonitor/monitor.log======>has changed size from 841 to 953====>2014-02-12 15:06:53
/home/ngy/workspace/test/FileMonitor/monitor.log======>has changed size from 953 to 1065====>2014-02-12 15:06:56
/home/ngy/workspace/test/FileMonitor/monitor.log======>has changed size from 1065 to 1178====>2014-02-12 15:06:59
/home/ngy/workspace/test/FileMonitor/monitor.log======>has changed size from 1178 to 1292====>2014-02-12 15:07:02
/home/ngy/workspace/test/FileMonitor/monitor.log======>has changed size from 1292 to 1406====>2014-02-12 15:07:05
/home/ngy/workspace/test/FileMonitor/monitor.log======>has changed size from 1406 to 1520====>2014-02-12 15:07:08
/home/ngy/workspace/test/FileMonitor/monitor.log======>has changed size from 1520 to 1634====>2014-02-12 15:07:11
/home/ngy/workspace/test/FileMonitor/monitor.log======>has changed size from 1634 to 1748====>2014-02-12 15:07:14
/home/ngy/workspace/test/FileMonitor/monitor.log======>has changed size from 1748 to 1862====>2014-02-12 15:07:17
/home/ngy/workspace/test/FileMonitor/monitor.log======>has changed size from 1862 to 1976====>2014-02-12 15:07:20
/home/ngy/workspace/test/FileMonitor/monitor.log======>has changed size from 1976 to 2090====>2014-02-12 15:07:23
/home/ngy/workspace/test/FileMonitor/.0055.dat.swp The created
/home/ngy/workspace/test/FileMonitor/monitor.log======>has changed size from 2090 to 2267====>2014-02-12 15:07:29
/home/ngy/workspace/test/FileMonitor/0055.dat The created
/home/ngy/workspace/test/FileMonitor/monitor.log======>has changed size from 2267 to 2439====>2014-02-12 15:07:35
/home/ngy/workspace/test/FileMonitor/monitor.log======>has changed size from 2439 to 2553====>2014-02-12 15:07:38
/home/ngy/workspace/test/FileMonitor/.monitor.log.swp The created
/home/ngy/workspace/test/FileMonitor/monitor.log======>has changed size from 2553 to 2733====>2014-02-12 15:07:44
/home/ngy/workspace/test/FileMonitor======>2014-02-12 15:07:46
/home/ngy/workspace/test/FileMonitor/monitor.log======>has changed size from 2733 to 2910====>2014-02-12 15:07:47
/home/ngy/workspace/test/FileMonitor/.monitor.log.swp The created
/home/ngy/workspace/test/FileMonitor/monitor.log======>has changed size from 2910 to 3090====>2014-02-12 15:07:53
/home/ngy/workspace/test/FileMonitor/monitor.log======>has changed size from 3090 to 3204====>2014-02-12 15:07:56
/home/ngy/workspace/test/FileMonitor/monitor.log======>has changed size from 3204 to 3318====>2014-02-12 15:07:59
/home/ngy/workspace/test/FileMonitor/monitor.log======>has changed size from 3318 to 3432====>2014-02-12 15:08:02
/home/ngy/workspace/test/FileMonitor/monitor.log======>has changed size from 3432 to 3546====>2014-02-12 15:08:05
/home/ngy/workspace/test/FileMonitor/monitor.log======>has changed size from 3546 to 3660====>2014-02-12 15:08:08
/home/ngy/workspace/test/FileMonitor/monitor.log======>has changed size from 3660 to 3774====>2014-02-12 15:08:11
/home/ngy/workspace/test/FileMonitor/monitor.log======>has changed size from 3774 to 3888====>2014-02-12 15:08:14
/home/ngy/workspace/test/FileMonitor/monitor.log======>has changed size from 3888 to 4002====>2014-02-12 15:08:17
/home/ngy/workspace/test/FileMonitor/monitor.log======>has changed size from 4002 to 4116====>2014-02-12 15:08:20
/home/ngy/workspace/test/FileMonitor/monitor.log======>has changed size from 4116 to 4230====>2014-02-12 15:08:23
/home/ngy/workspace/test/FileMonitor/monitor.log======>has changed size from 4230 to 4344====>2014-02-12 15:08:26
/home/ngy/workspace/test/FileMonitor/monitor.log======>has changed size from 4344 to 4458====>2014-02-12 15:08:29
/home/ngy/workspace/test/FileMonitor======>2014-02-12 15:08:29
/home/ngy/workspace/test/FileMonitor/monitor.log======>has changed size from 4458 to 4635====>2014-02-12 15:08:32
/home/ngy/workspace/test/FileMonitor/monitor.log======>has changed size from 4635 to 4749====>2014-02-12 15:08:35
/home/ngy/workspace/test/FileMonitor/monitor.log======>has changed size from 4749 to 4863====>2014-02-12 15:08:38
/home/ngy/workspace/test/FileMonitor/monitor.log======>has changed size from 4863 to 4977====>2014-02-12 15:08:41
